<?xml version="1.0" encoding="UTF-8"?>
<!-- Generated by org.testng.reporters.JUnitReportReporter -->
<testsuite hostname="DESKTOP-DCBSMGE" failures="0" tests="1" name="Day7.CE1" time="11.514" errors="0" timestamp="2023-04-27T16:10:11 IST" skipped="0">
  <testcase classname="Day7.CE1" name="check" time="11.514"/>
  <system-out/>
</testsuite> <!-- Day7.CE1 -->
