<?xml version="1.0" encoding="UTF-8"?>
<!-- Generated by org.testng.reporters.JUnitReportReporter -->
<testsuite hostname="DESKTOP-DCBSMGE" failures="0" tests="1" name="Day7.CE5" time="0.310" errors="0" timestamp="2023-04-27T16:16:00 IST" skipped="0">
  <testcase classname="Day7.CE5" name="testcase2" time="0.310"/>
  <system-out/>
</testsuite> <!-- Day7.CE5 -->
