<?xml version="1.0" encoding="UTF-8"?>
<!-- Generated by org.testng.reporters.JUnitReportReporter -->
<testsuite hostname="DESKTOP-DCBSMGE" failures="0" tests="4" name="Day7.CE2" time="0.089" errors="0" timestamp="2023-04-27T16:10:11 IST" skipped="0">
  <testcase classname="Day7.CE2" name="div" time="0.082"/>
  <system-out/>
  <testcase classname="Day7.CE2" name="Add" time="0.004"/>
  <system-out/>
  <testcase classname="Day7.CE2" name="sub" time="0.001"/>
  <system-out/>
  <testcase classname="Day7.CE2" name="prod" time="0.002"/>
  <system-out/>
</testsuite> <!-- Day7.CE2 -->
